using cached model. /home/kibum/youtube_data_analysis/.cache/kobert_v1.zip
using cached model. /home/kibum/youtube_data_analysis/.cache/kobert_news_wiki_ko_cased-1087f8699e.spiece
using cached model. /home/kibum/youtube_data_analysis/.cache/kobert_news_wiki_ko_cased-1087f8699e.spiece
  0%|          | 0/38 [00:00<?, ?it/s]
youtube_classification.py:86: TqdmDeprecationWarning: This function will be removed in tqdm==5.0.0
Please use `tqdm.notebook.tqdm` instead of `tqdm.tqdm_notebook`
  for batch_id, (token_ids, valid_length, segment_ids, label) in enumerate(tqdm_notebook(train_dataloader)):
epoch 1 batch id 1 loss 0.6594553589820862 train acc 0.59375
epoch 1 train acc 0.8848684210526315
  0%|          | 0/12 [00:00<?, ?it/s]
youtube_classification.py:106: TqdmDeprecationWarning: This function will be removed in tqdm==5.0.0
Please use `tqdm.notebook.tqdm` instead of `tqdm.tqdm_notebook`
  for batch_id, (token_ids, valid_length, segment_ids, label) in enumerate(tqdm_notebook(test_dataloader)):
epoch 1 test acc 0.8017113095238094
  0%|          | 0/38 [00:00<?, ?it/s]
epoch 2 batch id 1 loss 0.06762421876192093 train acc 1.0
epoch 2 train acc 0.977796052631579
  0%|          | 0/12 [00:00<?, ?it/s]
epoch 2 test acc 0.8017113095238094
  0%|          | 0/38 [00:00<?, ?it/s]
epoch 3 batch id 1 loss 0.014978236518800259 train acc 1.0
epoch 3 train acc 0.977796052631579
  0%|          | 0/12 [00:00<?, ?it/s]
epoch 3 test acc 0.8017113095238094
  0%|          | 0/38 [00:00<?, ?it/s]
epoch 4 batch id 1 loss 0.012289846315979958 train acc 1.0
epoch 4 train acc 0.977796052631579
  0%|          | 0/12 [00:00<?, ?it/s]
epoch 4 test acc 0.8017113095238094
  0%|          | 0/38 [00:00<?, ?it/s]
epoch 5 batch id 1 loss 0.011104924604296684 train acc 1.0
epoch 5 train acc 0.977796052631579
  0%|          | 0/12 [00:00<?, ?it/s]
epoch 5 test acc 0.8017113095238094
  0%|          | 0/38 [00:00<?, ?it/s]
epoch 6 batch id 1 loss 0.011956682428717613 train acc 1.0
epoch 6 train acc 0.977796052631579
  0%|          | 0/12 [00:00<?, ?it/s]
epoch 6 test acc 0.8017113095238094
  0%|          | 0/38 [00:00<?, ?it/s]
epoch 7 batch id 1 loss 0.013086237013339996 train acc 1.0
epoch 7 train acc 0.977796052631579
  0%|          | 0/12 [00:00<?, ?it/s]
epoch 7 test acc 0.8017113095238094
  0%|          | 0/38 [00:00<?, ?it/s]
epoch 8 batch id 1 loss 0.009863938204944134 train acc 1.0
epoch 8 train acc 0.977796052631579
  0%|          | 0/12 [00:00<?, ?it/s]
epoch 8 test acc 0.8017113095238094
  0%|          | 0/38 [00:00<?, ?it/s]
epoch 9 batch id 1 loss 0.01429786253720522 train acc 1.0
epoch 9 train acc 0.977796052631579
  0%|          | 0/12 [00:00<?, ?it/s]
epoch 9 test acc 0.8017113095238094
  0%|          | 0/38 [00:00<?, ?it/s]
epoch 10 batch id 1 loss 0.014145147055387497 train acc 1.0
epoch 10 train acc 0.977796052631579
  0%|          | 0/12 [00:00<?, ?it/s]
epoch 10 test acc 0.8017113095238094
  0%|          | 0/38 [00:00<?, ?it/s]
epoch 11 batch id 1 loss 0.016299907118082047 train acc 1.0
epoch 11 train acc 0.977796052631579
  0%|          | 0/12 [00:00<?, ?it/s]
epoch 11 test acc 0.8017113095238094
  0%|          | 0/38 [00:00<?, ?it/s]
epoch 12 batch id 1 loss 0.015657013282179832 train acc 1.0
epoch 12 train acc 0.977796052631579
  0%|          | 0/12 [00:00<?, ?it/s]
epoch 12 test acc 0.8017113095238094
  0%|          | 0/38 [00:00<?, ?it/s]
epoch 13 batch id 1 loss 0.020744968205690384 train acc 1.0
epoch 13 train acc 0.977796052631579
  0%|          | 0/12 [00:00<?, ?it/s]
epoch 13 test acc 0.8017113095238094
  0%|          | 0/38 [00:00<?, ?it/s]
epoch 14 batch id 1 loss 0.019091101363301277 train acc 1.0
epoch 14 train acc 0.977796052631579
  0%|          | 0/12 [00:00<?, ?it/s]
epoch 14 test acc 0.8017113095238094
  0%|          | 0/38 [00:00<?, ?it/s]
epoch 15 batch id 1 loss 0.018754703924059868 train acc 1.0
epoch 15 train acc 0.977796052631579
  0%|          | 0/12 [00:00<?, ?it/s]
epoch 15 test acc 0.8017113095238094
  0%|          | 0/38 [00:00<?, ?it/s]
epoch 16 batch id 1 loss 0.017891496419906616 train acc 1.0
epoch 16 train acc 0.977796052631579
  0%|          | 0/12 [00:00<?, ?it/s]
epoch 16 test acc 0.8017113095238094
  0%|          | 0/38 [00:00<?, ?it/s]
epoch 17 batch id 1 loss 0.020426122471690178 train acc 1.0
epoch 17 train acc 0.977796052631579
  0%|          | 0/12 [00:00<?, ?it/s]
epoch 17 test acc 0.8017113095238094
  0%|          | 0/38 [00:00<?, ?it/s]
epoch 18 batch id 1 loss 0.021234745159745216 train acc 1.0
epoch 18 train acc 0.977796052631579
  0%|          | 0/12 [00:00<?, ?it/s]
epoch 18 test acc 0.8017113095238094
  0%|          | 0/38 [00:00<?, ?it/s]
epoch 19 batch id 1 loss 0.02329939790070057 train acc 1.0
epoch 19 train acc 0.977796052631579
  0%|          | 0/12 [00:00<?, ?it/s]
epoch 19 test acc 0.8017113095238094
  0%|          | 0/38 [00:00<?, ?it/s]
epoch 20 batch id 1 loss 0.02092495560646057 train acc 1.0
epoch 20 train acc 0.977796052631579
  0%|          | 0/12 [00:00<?, ?it/s]
epoch 20 test acc 0.8017113095238094
  0%|          | 0/38 [00:00<?, ?it/s]
epoch 21 batch id 1 loss 0.019677862524986267 train acc 1.0
epoch 21 train acc 0.977796052631579
  0%|          | 0/12 [00:00<?, ?it/s]
epoch 21 test acc 0.8017113095238094
  0%|          | 0/38 [00:00<?, ?it/s]
epoch 22 batch id 1 loss 0.019995281472802162 train acc 1.0
epoch 22 train acc 0.977796052631579
  0%|          | 0/12 [00:00<?, ?it/s]
epoch 22 test acc 0.8017113095238094
  0%|          | 0/38 [00:00<?, ?it/s]
epoch 23 batch id 1 loss 0.020599372684955597 train acc 1.0
epoch 23 train acc 0.977796052631579
  0%|          | 0/12 [00:00<?, ?it/s]
epoch 23 test acc 0.8017113095238094
  0%|          | 0/38 [00:00<?, ?it/s]
epoch 24 batch id 1 loss 0.019602961838245392 train acc 1.0
epoch 24 train acc 0.977796052631579
  0%|          | 0/12 [00:00<?, ?it/s]
epoch 24 test acc 0.8017113095238094
  0%|          | 0/38 [00:00<?, ?it/s]
epoch 25 batch id 1 loss 0.02021052874624729 train acc 1.0
epoch 25 train acc 0.977796052631579
  0%|          | 0/12 [00:00<?, ?it/s]
epoch 25 test acc 0.8017113095238094
  0%|          | 0/38 [00:00<?, ?it/s]
epoch 26 batch id 1 loss 0.02247648872435093 train acc 1.0
epoch 26 train acc 0.977796052631579
  0%|          | 0/12 [00:00<?, ?it/s]
epoch 26 test acc 0.8017113095238094
  0%|          | 0/38 [00:00<?, ?it/s]
epoch 27 batch id 1 loss 0.02104819379746914 train acc 1.0
epoch 27 train acc 0.977796052631579
  0%|          | 0/12 [00:00<?, ?it/s]
epoch 27 test acc 0.8017113095238094
  0%|          | 0/38 [00:00<?, ?it/s]
epoch 28 batch id 1 loss 0.021137747913599014 train acc 1.0
epoch 28 train acc 0.977796052631579
  0%|          | 0/12 [00:00<?, ?it/s]
epoch 28 test acc 0.8017113095238094
  0%|          | 0/38 [00:00<?, ?it/s]
epoch 29 batch id 1 loss 0.020403262227773666 train acc 1.0
epoch 29 train acc 0.9827302631578947
  0%|          | 0/12 [00:00<?, ?it/s]
epoch 29 test acc 0.7965029761904762
  0%|          | 0/38 [00:00<?, ?it/s]
epoch 30 batch id 1 loss 0.022295968607068062 train acc 1.0
epoch 30 train acc 0.9884868421052632
  0%|          | 0/12 [00:00<?, ?it/s]
epoch 30 test acc 0.7965029761904762
