using cached model. /home/kibum/youtube_data_analysis/.cache/kobert_v1.zip
using cached model. /home/kibum/youtube_data_analysis/.cache/kobert_news_wiki_ko_cased-1087f8699e.spiece
using cached model. /home/kibum/youtube_data_analysis/.cache/kobert_news_wiki_ko_cased-1087f8699e.spiece
  0%|          | 0/73 [00:00<?, ?it/s]
youtube_classification.py:87: TqdmDeprecationWarning: This function will be removed in tqdm==5.0.0
Please use `tqdm.notebook.tqdm` instead of `tqdm.tqdm_notebook`
  for batch_id, (token_ids, valid_length, segment_ids, label) in enumerate(tqdm_notebook(train_dataloader)):
epoch 1 batch id 1 loss 0.7563142776489258 train acc 0.46875
epoch 1 train acc 0.6142367906066536
  0%|          | 0/12 [00:00<?, ?it/s]
youtube_classification.py:107: TqdmDeprecationWarning: This function will be removed in tqdm==5.0.0
Please use `tqdm.notebook.tqdm` instead of `tqdm.tqdm_notebook`
  for batch_id, (token_ids, valid_length, segment_ids, label) in enumerate(tqdm_notebook(test_dataloader)):
epoch 1 test acc 0.6636904761904762
  0%|          | 0/73 [00:00<?, ?it/s]
epoch 2 batch id 1 loss 0.6080007553100586 train acc 0.71875
epoch 2 train acc 0.7411937377690802
  0%|          | 0/12 [00:00<?, ?it/s]
epoch 2 test acc 0.7302827380952381
  0%|          | 0/73 [00:00<?, ?it/s]
epoch 3 batch id 1 loss 0.4119810461997986 train acc 0.8125
epoch 3 train acc 0.8624633072407045
  0%|          | 0/12 [00:00<?, ?it/s]
epoch 3 test acc 0.7667410714285715
  0%|          | 0/73 [00:00<?, ?it/s]
epoch 4 batch id 1 loss 0.33294668793678284 train acc 0.875
epoch 4 train acc 0.9178082191780822
  0%|          | 0/12 [00:00<?, ?it/s]
epoch 4 test acc 0.7522321428571428
  0%|          | 0/73 [00:00<?, ?it/s]
epoch 5 batch id 1 loss 0.11869887262582779 train acc 0.96875
epoch 5 train acc 0.9485078277886497
  0%|          | 0/12 [00:00<?, ?it/s]
epoch 5 test acc 0.7105654761904762
  0%|          | 0/73 [00:00<?, ?it/s]
epoch 6 batch id 1 loss 0.04613693803548813 train acc 0.96875
epoch 6 train acc 0.9764554794520548
  0%|          | 0/12 [00:00<?, ?it/s]
epoch 6 test acc 0.7667410714285715
  0%|          | 0/73 [00:00<?, ?it/s]
epoch 7 batch id 1 loss 0.01926294155418873 train acc 1.0
epoch 7 train acc 0.9884417808219178
  0%|          | 0/12 [00:00<?, ?it/s]
epoch 7 test acc 0.7849702380952381
  0%|          | 0/73 [00:00<?, ?it/s]
epoch 8 batch id 1 loss 0.005730536766350269 train acc 1.0
epoch 8 train acc 0.9831824853228963
  0%|          | 0/12 [00:00<?, ?it/s]
epoch 8 test acc 0.7823660714285715
  0%|          | 0/73 [00:00<?, ?it/s]
epoch 9 batch id 1 loss 0.0015083434991538525 train acc 1.0
epoch 9 train acc 0.9914383561643836
  0%|          | 0/12 [00:00<?, ?it/s]
epoch 9 test acc 0.7979910714285715
  0%|          | 0/73 [00:00<?, ?it/s]
epoch 10 batch id 1 loss 0.0023143263533711433 train acc 1.0
epoch 10 train acc 0.990582191780822
  0%|          | 0/12 [00:00<?, ?it/s]
epoch 10 test acc 0.7953869047619048
  0%|          | 0/73 [00:00<?, ?it/s]
epoch 11 batch id 1 loss 0.001267821411602199 train acc 1.0
epoch 11 train acc 0.9948630136986302
  0%|          | 0/12 [00:00<?, ?it/s]
epoch 11 test acc 0.8072916666666666
  0%|          | 0/73 [00:00<?, ?it/s]
epoch 12 batch id 1 loss 0.0004927949048578739 train acc 1.0
epoch 12 train acc 0.9957191780821918
  0%|          | 0/12 [00:00<?, ?it/s]
epoch 12 test acc 0.7890625
  0%|          | 0/73 [00:00<?, ?it/s]
epoch 13 batch id 1 loss 0.0005240890313871205 train acc 1.0
epoch 13 train acc 0.9970034246575342
  0%|          | 0/12 [00:00<?, ?it/s]
epoch 13 test acc 0.78125
  0%|          | 0/73 [00:00<?, ?it/s]
epoch 14 batch id 1 loss 0.0004178421222604811 train acc 1.0
epoch 14 train acc 0.9970034246575342
  0%|          | 0/12 [00:00<?, ?it/s]
epoch 14 test acc 0.7953869047619048
  0%|          | 0/73 [00:00<?, ?it/s]
epoch 15 batch id 1 loss 0.005015366245061159 train acc 1.0
epoch 15 train acc 0.9982876712328768
  0%|          | 0/12 [00:00<?, ?it/s]
epoch 15 test acc 0.7626488095238094
  0%|          | 0/73 [00:00<?, ?it/s]
epoch 16 batch id 1 loss 0.00037676948704756796 train acc 1.0
epoch 16 train acc 0.9987157534246576
  0%|          | 0/12 [00:00<?, ?it/s]
epoch 16 test acc 0.7626488095238094
  0%|          | 0/73 [00:00<?, ?it/s]
epoch 17 batch id 1 loss 0.00022394300322048366 train acc 1.0
epoch 17 train acc 1.0
  0%|          | 0/12 [00:00<?, ?it/s]
epoch 17 test acc 0.7704613095238094
  0%|          | 0/73 [00:00<?, ?it/s]
epoch 18 batch id 1 loss 0.00013686534657608718 train acc 1.0
epoch 18 train acc 0.9991438356164384
  0%|          | 0/12 [00:00<?, ?it/s]
epoch 18 test acc 0.7756696428571428
  0%|          | 0/73 [00:00<?, ?it/s]
epoch 19 batch id 1 loss 0.00015432228974532336 train acc 1.0
epoch 19 train acc 0.9995719178082192
  0%|          | 0/12 [00:00<?, ?it/s]
epoch 19 test acc 0.7678571428571428
  0%|          | 0/73 [00:00<?, ?it/s]
epoch 20 batch id 1 loss 0.0001345554192084819 train acc 1.0
epoch 20 train acc 0.9995719178082192
  0%|          | 0/12 [00:00<?, ?it/s]
epoch 20 test acc 0.7756696428571428
  0%|          | 0/73 [00:00<?, ?it/s]
epoch 21 batch id 1 loss 0.00012314858031459153 train acc 1.0
epoch 21 train acc 0.9995719178082192
  0%|          | 0/12 [00:00<?, ?it/s]
epoch 21 test acc 0.7730654761904762
  0%|          | 0/73 [00:00<?, ?it/s]
epoch 22 batch id 1 loss 0.00010482788638910279 train acc 1.0
epoch 22 train acc 0.9991438356164384
  0%|          | 0/12 [00:00<?, ?it/s]
epoch 22 test acc 0.7730654761904762
  0%|          | 0/73 [00:00<?, ?it/s]
epoch 23 batch id 1 loss 9.163642971543595e-05 train acc 1.0
epoch 23 train acc 0.9995719178082192
  0%|          | 0/12 [00:00<?, ?it/s]
epoch 23 test acc 0.7756696428571428
  0%|          | 0/73 [00:00<?, ?it/s]
epoch 24 batch id 1 loss 0.00010366365313529968 train acc 1.0
epoch 24 train acc 0.9995719178082192
  0%|          | 0/12 [00:00<?, ?it/s]
epoch 24 test acc 0.7756696428571428
  0%|          | 0/73 [00:00<?, ?it/s]
epoch 25 batch id 1 loss 7.023704529274255e-05 train acc 1.0
epoch 25 train acc 0.9995719178082192
  0%|          | 0/12 [00:00<?, ?it/s]
epoch 25 test acc 0.7756696428571428
  0%|          | 0/73 [00:00<?, ?it/s]
epoch 26 batch id 1 loss 0.00013441826740745455 train acc 1.0
epoch 26 train acc 0.9991438356164384
  0%|          | 0/12 [00:00<?, ?it/s]
epoch 26 test acc 0.7730654761904762
  0%|          | 0/73 [00:00<?, ?it/s]
epoch 27 batch id 1 loss 9.393371146870777e-05 train acc 1.0
epoch 27 train acc 0.9995719178082192
  0%|          | 0/12 [00:00<?, ?it/s]
epoch 27 test acc 0.7730654761904762
  0%|          | 0/73 [00:00<?, ?it/s]
epoch 28 batch id 1 loss 8.844384137773886e-05 train acc 1.0
epoch 28 train acc 0.9995719178082192
  0%|          | 0/12 [00:00<?, ?it/s]
epoch 28 test acc 0.7730654761904762
  0%|          | 0/73 [00:00<?, ?it/s]
epoch 29 batch id 1 loss 0.00010305901378160343 train acc 1.0
epoch 29 train acc 0.9995719178082192
  0%|          | 0/12 [00:00<?, ?it/s]
epoch 29 test acc 0.7730654761904762
  0%|          | 0/73 [00:00<?, ?it/s]
epoch 30 batch id 1 loss 0.0001012330103549175 train acc 1.0
epoch 30 train acc 0.9991438356164384
  0%|          | 0/12 [00:00<?, ?it/s]
epoch 30 test acc 0.7730654761904762
