using cached model. /home/kibum/youtube_data_analysis/.cache/kobert_v1.zip
using cached model. /home/kibum/youtube_data_analysis/.cache/kobert_news_wiki_ko_cased-1087f8699e.spiece
using cached model. /home/kibum/youtube_data_analysis/.cache/kobert_news_wiki_ko_cased-1087f8699e.spiece
  0%|          | 0/45 [00:00<?, ?it/s]
youtube_classification.py:87: TqdmDeprecationWarning: This function will be removed in tqdm==5.0.0
Please use `tqdm.notebook.tqdm` instead of `tqdm.tqdm_notebook`
  for batch_id, (token_ids, valid_length, segment_ids, label) in enumerate(tqdm_notebook(train_dataloader)):
epoch 1 batch id 1 loss 0.6833405494689941 train acc 0.53125
epoch 1 train acc 0.7685185185185186
  0%|          | 0/12 [00:00<?, ?it/s]
youtube_classification.py:107: TqdmDeprecationWarning: This function will be removed in tqdm==5.0.0
Please use `tqdm.notebook.tqdm` instead of `tqdm.tqdm_notebook`
  for batch_id, (token_ids, valid_length, segment_ids, label) in enumerate(tqdm_notebook(test_dataloader)):
epoch 1 test acc 0.8110119047619048
  0%|          | 0/45 [00:00<?, ?it/s]
epoch 2 batch id 1 loss 0.6500769853591919 train acc 0.6875
epoch 2 train acc 0.8104166666666667
  0%|          | 0/12 [00:00<?, ?it/s]
epoch 2 test acc 0.8110119047619048
  0%|          | 0/45 [00:00<?, ?it/s]
epoch 3 batch id 1 loss 0.5945060849189758 train acc 0.6875
epoch 3 train acc 0.8164351851851852
  0%|          | 0/12 [00:00<?, ?it/s]
epoch 3 test acc 0.7578125
  0%|          | 0/45 [00:00<?, ?it/s]
epoch 4 batch id 1 loss 0.4815980792045593 train acc 0.78125
epoch 4 train acc 0.8511574074074074
  0%|          | 0/12 [00:00<?, ?it/s]
epoch 4 test acc 0.7890625
  0%|          | 0/45 [00:00<?, ?it/s]
epoch 5 batch id 1 loss 0.4088735282421112 train acc 0.78125
epoch 5 train acc 0.8837962962962963
  0%|          | 0/12 [00:00<?, ?it/s]
epoch 5 test acc 0.7537202380952381
  0%|          | 0/45 [00:00<?, ?it/s]
epoch 6 batch id 1 loss 0.18791653215885162 train acc 0.9375
epoch 6 train acc 0.9375
  0%|          | 0/12 [00:00<?, ?it/s]
epoch 6 test acc 0.7823660714285715
  0%|          | 0/45 [00:00<?, ?it/s]
epoch 7 batch id 1 loss 0.10817268490791321 train acc 0.96875
epoch 7 train acc 0.9694444444444444
  0%|          | 0/12 [00:00<?, ?it/s]
epoch 7 test acc 0.7537202380952381
  0%|          | 0/45 [00:00<?, ?it/s]
epoch 8 batch id 1 loss 0.13819754123687744 train acc 0.96875
epoch 8 train acc 0.9678240740740741
  0%|          | 0/12 [00:00<?, ?it/s]
epoch 8 test acc 0.7927827380952381
  0%|          | 0/45 [00:00<?, ?it/s]
epoch 9 batch id 1 loss 0.1299336850643158 train acc 0.9375
epoch 9 train acc 0.975
  0%|          | 0/12 [00:00<?, ?it/s]
epoch 9 test acc 0.7979910714285715
  0%|          | 0/45 [00:00<?, ?it/s]
epoch 10 batch id 1 loss 0.024091901257634163 train acc 1.0
epoch 10 train acc 0.9706018518518519
  0%|          | 0/12 [00:00<?, ?it/s]
epoch 10 test acc 0.7938988095238094
  0%|          | 0/45 [00:00<?, ?it/s]
epoch 11 batch id 1 loss 0.2759332060813904 train acc 0.9375
epoch 11 train acc 0.9777777777777777
  0%|          | 0/12 [00:00<?, ?it/s]
epoch 11 test acc 0.7991071428571428
  0%|          | 0/45 [00:00<?, ?it/s]
epoch 12 batch id 1 loss 0.008496387861669064 train acc 1.0
epoch 12 train acc 0.9819444444444444
  0%|          | 0/12 [00:00<?, ?it/s]
epoch 12 test acc 0.7756696428571428
  0%|          | 0/45 [00:00<?, ?it/s]
epoch 13 batch id 1 loss 0.06987953186035156 train acc 0.96875
epoch 13 train acc 0.9854166666666667
  0%|          | 0/12 [00:00<?, ?it/s]
epoch 13 test acc 0.7589285714285715
  0%|          | 0/45 [00:00<?, ?it/s]
epoch 14 batch id 1 loss 0.003872225759550929 train acc 1.0
epoch 14 train acc 0.9965277777777778
  0%|          | 0/12 [00:00<?, ?it/s]
epoch 14 test acc 0.8031994047619048
  0%|          | 0/45 [00:00<?, ?it/s]
epoch 15 batch id 1 loss 0.0015946641797199845 train acc 1.0
epoch 15 train acc 0.9965277777777778
  0%|          | 0/12 [00:00<?, ?it/s]
epoch 15 test acc 0.8162202380952381
  0%|          | 0/45 [00:00<?, ?it/s]
epoch 16 batch id 1 loss 0.0011124107986688614 train acc 1.0
epoch 16 train acc 0.9972222222222222
  0%|          | 0/12 [00:00<?, ?it/s]
epoch 16 test acc 0.8084077380952381
  0%|          | 0/45 [00:00<?, ?it/s]
epoch 17 batch id 1 loss 0.000682661309838295 train acc 1.0
epoch 17 train acc 0.9958333333333333
  0%|          | 0/12 [00:00<?, ?it/s]
epoch 17 test acc 0.7875744047619048
  0%|          | 0/45 [00:00<?, ?it/s]
epoch 18 batch id 1 loss 0.0007385638309642673 train acc 1.0
epoch 18 train acc 0.9972222222222222
  0%|          | 0/12 [00:00<?, ?it/s]
epoch 18 test acc 0.7797619047619048
  0%|          | 0/45 [00:00<?, ?it/s]
epoch 19 batch id 1 loss 0.0022312356159090996 train acc 1.0
epoch 19 train acc 0.9986111111111111
  0%|          | 0/12 [00:00<?, ?it/s]
epoch 19 test acc 0.7927827380952381
  0%|          | 0/45 [00:00<?, ?it/s]
epoch 20 batch id 1 loss 0.0004082392551936209 train acc 1.0
epoch 20 train acc 0.9979166666666667
  0%|          | 0/12 [00:00<?, ?it/s]
epoch 20 test acc 0.7901785714285715
  0%|          | 0/45 [00:00<?, ?it/s]
epoch 21 batch id 1 loss 0.0003883121826220304 train acc 1.0
epoch 21 train acc 0.9979166666666667
  0%|          | 0/12 [00:00<?, ?it/s]
epoch 21 test acc 0.7927827380952381
  0%|          | 0/45 [00:00<?, ?it/s]
epoch 22 batch id 1 loss 0.0003567361563909799 train acc 1.0
epoch 22 train acc 0.9993055555555556
  0%|          | 0/12 [00:00<?, ?it/s]
epoch 22 test acc 0.7953869047619048
  0%|          | 0/45 [00:00<?, ?it/s]
epoch 23 batch id 1 loss 0.0003577877359930426 train acc 1.0
epoch 23 train acc 0.9993055555555556
  0%|          | 0/12 [00:00<?, ?it/s]
epoch 23 test acc 0.7979910714285715
  0%|          | 0/45 [00:00<?, ?it/s]
epoch 24 batch id 1 loss 0.00032699506846256554 train acc 1.0
epoch 24 train acc 0.9972222222222222
  0%|          | 0/12 [00:00<?, ?it/s]
epoch 24 test acc 0.7953869047619048
  0%|          | 0/45 [00:00<?, ?it/s]
epoch 25 batch id 1 loss 0.0003259844670537859 train acc 1.0
epoch 25 train acc 0.9993055555555556
  0%|          | 0/12 [00:00<?, ?it/s]
epoch 25 test acc 0.7953869047619048
  0%|          | 0/45 [00:00<?, ?it/s]
epoch 26 batch id 1 loss 0.0002942447317764163 train acc 1.0
epoch 26 train acc 0.9993055555555556
  0%|          | 0/12 [00:00<?, ?it/s]
epoch 26 test acc 0.7953869047619048
  0%|          | 0/45 [00:00<?, ?it/s]
epoch 27 batch id 1 loss 0.00031342654256150126 train acc 1.0
epoch 27 train acc 1.0
  0%|          | 0/12 [00:00<?, ?it/s]
epoch 27 test acc 0.7927827380952381
  0%|          | 0/45 [00:00<?, ?it/s]
epoch 28 batch id 1 loss 0.0003248215653002262 train acc 1.0
epoch 28 train acc 0.9986111111111111
  0%|          | 0/12 [00:00<?, ?it/s]
epoch 28 test acc 0.7901785714285715
  0%|          | 0/45 [00:00<?, ?it/s]
epoch 29 batch id 1 loss 0.0002954510855488479 train acc 1.0
epoch 29 train acc 0.9993055555555556
  0%|          | 0/12 [00:00<?, ?it/s]
epoch 29 test acc 0.7901785714285715
  0%|          | 0/45 [00:00<?, ?it/s]
epoch 30 batch id 1 loss 0.00026912783505395055 train acc 1.0
epoch 30 train acc 0.9993055555555556
  0%|          | 0/12 [00:00<?, ?it/s]
epoch 30 test acc 0.7901785714285715
