using cached model. /home/kibum/youtube_data_analysis/.cache/kobert_v1.zip
using cached model. /home/kibum/youtube_data_analysis/.cache/kobert_news_wiki_ko_cased-1087f8699e.spiece
using cached model. /home/kibum/youtube_data_analysis/.cache/kobert_news_wiki_ko_cased-1087f8699e.spiece
  0%|          | 0/38 [00:00<?, ?it/s]
youtube_classification.py:87: TqdmDeprecationWarning: This function will be removed in tqdm==5.0.0
Please use `tqdm.notebook.tqdm` instead of `tqdm.tqdm_notebook`
  for batch_id, (token_ids, valid_length, segment_ids, label) in enumerate(tqdm_notebook(train_dataloader)):
epoch 1 batch id 1 loss 0.996512234210968 train acc 0.0625
epoch 1 train acc 0.6274671052631579
  0%|          | 0/12 [00:00<?, ?it/s]
youtube_classification.py:107: TqdmDeprecationWarning: This function will be removed in tqdm==5.0.0
Please use `tqdm.notebook.tqdm` instead of `tqdm.tqdm_notebook`
  for batch_id, (token_ids, valid_length, segment_ids, label) in enumerate(tqdm_notebook(test_dataloader)):
epoch 1 test acc 0.8110119047619048
  0%|          | 0/38 [00:00<?, ?it/s]
epoch 2 batch id 1 loss 0.207759827375412 train acc 0.9375
epoch 2 train acc 0.977796052631579
  0%|          | 0/12 [00:00<?, ?it/s]
epoch 2 test acc 0.8110119047619048
  0%|          | 0/38 [00:00<?, ?it/s]
epoch 3 batch id 1 loss 0.24729283154010773 train acc 0.9375
epoch 3 train acc 0.977796052631579
  0%|          | 0/12 [00:00<?, ?it/s]
epoch 3 test acc 0.8110119047619048
  0%|          | 0/38 [00:00<?, ?it/s]
epoch 4 batch id 1 loss 0.2668575942516327 train acc 0.9375
epoch 4 train acc 0.977796052631579
  0%|          | 0/12 [00:00<?, ?it/s]
epoch 4 test acc 0.8110119047619048
  0%|          | 0/38 [00:00<?, ?it/s]
epoch 5 batch id 1 loss 0.26905936002731323 train acc 0.9375
epoch 5 train acc 0.977796052631579
  0%|          | 0/12 [00:00<?, ?it/s]
epoch 5 test acc 0.8110119047619048
  0%|          | 0/38 [00:00<?, ?it/s]
epoch 6 batch id 1 loss 0.26890993118286133 train acc 0.9375
epoch 6 train acc 0.977796052631579
  0%|          | 0/12 [00:00<?, ?it/s]
epoch 6 test acc 0.8110119047619048
  0%|          | 0/38 [00:00<?, ?it/s]
epoch 7 batch id 1 loss 0.2925494611263275 train acc 0.9375
epoch 7 train acc 0.977796052631579
  0%|          | 0/12 [00:00<?, ?it/s]
epoch 7 test acc 0.8110119047619048
  0%|          | 0/38 [00:00<?, ?it/s]
epoch 8 batch id 1 loss 0.2685604691505432 train acc 0.9375
epoch 8 train acc 0.977796052631579
  0%|          | 0/12 [00:00<?, ?it/s]
epoch 8 test acc 0.8110119047619048
  0%|          | 0/38 [00:00<?, ?it/s]
epoch 9 batch id 1 loss 0.25978872179985046 train acc 0.9375
epoch 9 train acc 0.977796052631579
  0%|          | 0/12 [00:00<?, ?it/s]
epoch 9 test acc 0.8110119047619048
  0%|          | 0/38 [00:00<?, ?it/s]
epoch 10 batch id 1 loss 0.2836097180843353 train acc 0.9375
epoch 10 train acc 0.977796052631579
  0%|          | 0/12 [00:00<?, ?it/s]
epoch 10 test acc 0.8110119047619048
  0%|          | 0/38 [00:00<?, ?it/s]
epoch 11 batch id 1 loss 0.2424164116382599 train acc 0.9375
epoch 11 train acc 0.977796052631579
  0%|          | 0/12 [00:00<?, ?it/s]
epoch 11 test acc 0.8110119047619048
  0%|          | 0/38 [00:00<?, ?it/s]
epoch 12 batch id 1 loss 0.26517337560653687 train acc 0.9375
epoch 12 train acc 0.977796052631579
  0%|          | 0/12 [00:00<?, ?it/s]
epoch 12 test acc 0.8110119047619048
  0%|          | 0/38 [00:00<?, ?it/s]
epoch 13 batch id 1 loss 0.27038341760635376 train acc 0.9375
epoch 13 train acc 0.977796052631579
  0%|          | 0/12 [00:00<?, ?it/s]
epoch 13 test acc 0.8110119047619048
  0%|          | 0/38 [00:00<?, ?it/s]
epoch 14 batch id 1 loss 0.26062339544296265 train acc 0.9375
epoch 14 train acc 0.977796052631579
  0%|          | 0/12 [00:00<?, ?it/s]
epoch 14 test acc 0.8110119047619048
  0%|          | 0/38 [00:00<?, ?it/s]
epoch 15 batch id 1 loss 0.2929098606109619 train acc 0.9375
epoch 15 train acc 0.977796052631579
  0%|          | 0/12 [00:00<?, ?it/s]
epoch 15 test acc 0.8110119047619048
  0%|          | 0/38 [00:00<?, ?it/s]
epoch 16 batch id 1 loss 0.23246796429157257 train acc 0.9375
epoch 16 train acc 0.977796052631579
  0%|          | 0/12 [00:00<?, ?it/s]
epoch 16 test acc 0.8110119047619048
  0%|          | 0/38 [00:00<?, ?it/s]
epoch 17 batch id 1 loss 0.2817334234714508 train acc 0.9375
epoch 17 train acc 0.977796052631579
  0%|          | 0/12 [00:00<?, ?it/s]
epoch 17 test acc 0.8110119047619048
  0%|          | 0/38 [00:00<?, ?it/s]
epoch 18 batch id 1 loss 0.21259601414203644 train acc 0.9375
epoch 18 train acc 0.977796052631579
  0%|          | 0/12 [00:00<?, ?it/s]
epoch 18 test acc 0.8110119047619048
  0%|          | 0/38 [00:00<?, ?it/s]
epoch 19 batch id 1 loss 0.27412280440330505 train acc 0.9375
epoch 19 train acc 0.9786184210526315
  0%|          | 0/12 [00:00<?, ?it/s]
epoch 19 test acc 0.7574404761904762
  0%|          | 0/38 [00:00<?, ?it/s]
epoch 20 batch id 1 loss 0.0777347981929779 train acc 0.96875
epoch 20 train acc 0.9876644736842105
  0%|          | 0/12 [00:00<?, ?it/s]
epoch 20 test acc 0.8136160714285715
  0%|          | 0/38 [00:00<?, ?it/s]
epoch 21 batch id 1 loss 0.20948481559753418 train acc 0.9375
epoch 21 train acc 0.9761513157894737
  0%|          | 0/12 [00:00<?, ?it/s]
epoch 21 test acc 0.8084077380952381
  0%|          | 0/38 [00:00<?, ?it/s]
epoch 22 batch id 1 loss 0.12055840343236923 train acc 0.96875
epoch 22 train acc 0.9876644736842105
  0%|          | 0/12 [00:00<?, ?it/s]
epoch 22 test acc 0.8162202380952381
  0%|          | 0/38 [00:00<?, ?it/s]
epoch 23 batch id 1 loss 0.025503698736429214 train acc 1.0
epoch 23 train acc 0.9942434210526315
  0%|          | 0/12 [00:00<?, ?it/s]
epoch 23 test acc 0.8110119047619048
  0%|          | 0/38 [00:00<?, ?it/s]
epoch 24 batch id 1 loss 0.025978026911616325 train acc 1.0
epoch 24 train acc 0.993421052631579
  0%|          | 0/12 [00:00<?, ?it/s]
epoch 24 test acc 0.7979910714285715
  0%|          | 0/38 [00:00<?, ?it/s]
epoch 25 batch id 1 loss 0.016000516712665558 train acc 1.0
epoch 25 train acc 0.9950657894736842
  0%|          | 0/12 [00:00<?, ?it/s]
epoch 25 test acc 0.8084077380952381
  0%|          | 0/38 [00:00<?, ?it/s]
epoch 26 batch id 1 loss 0.024757666513323784 train acc 1.0
epoch 26 train acc 0.9967105263157895
  0%|          | 0/12 [00:00<?, ?it/s]
epoch 26 test acc 0.8084077380952381
  0%|          | 0/38 [00:00<?, ?it/s]
epoch 27 batch id 1 loss 0.008154799230396748 train acc 1.0
epoch 27 train acc 0.9975328947368421
  0%|          | 0/12 [00:00<?, ?it/s]
epoch 27 test acc 0.8084077380952381
  0%|          | 0/38 [00:00<?, ?it/s]
epoch 28 batch id 1 loss 0.013213218189775944 train acc 1.0
epoch 28 train acc 0.9975328947368421
  0%|          | 0/12 [00:00<?, ?it/s]
epoch 28 test acc 0.8084077380952381
  0%|          | 0/38 [00:00<?, ?it/s]
epoch 29 batch id 1 loss 0.011697915382683277 train acc 1.0
epoch 29 train acc 0.9975328947368421
  0%|          | 0/12 [00:00<?, ?it/s]
epoch 29 test acc 0.8084077380952381
  0%|          | 0/38 [00:00<?, ?it/s]
epoch 30 batch id 1 loss 0.008920937776565552 train acc 1.0
epoch 30 train acc 0.9975328947368421
  0%|          | 0/12 [00:00<?, ?it/s]
epoch 30 test acc 0.8084077380952381
